----- testing input/00_1_letter @ 1x1 -----
----- testing input/00_1_letter @ 2x2 -----
----- testing input/00_1_letter @ 3x3 -----
----- testing input/00_1_letter @ 4x4 -----
----- testing input/00_1_letter @ 5x5 -----
----- testing input/00_1_letter @ 6x6 -----
----- testing input/00_1_letter @ 7x7 -----
----- testing input/00_1_letter @ 8x8 -----
----- testing input/00_1_letter @ 9x9 -----
----- testing input/00_1_letter @ 10x10 -----
----- testing input/01_4_letters @ 1x1 -----
----- testing input/01_4_letters @ 2x2 -----
----- testing input/01_4_letters @ 3x3 -----
----- testing input/01_4_letters @ 4x4 -----
----- testing input/01_4_letters @ 5x5 -----
----- testing input/01_4_letters @ 6x6 -----
----- testing input/01_4_letters @ 7x7 -----
----- testing input/01_4_letters @ 8x8 -----
----- testing input/01_4_letters @ 9x9 -----
----- testing input/01_4_letters @ 10x10 -----
----- testing input/02_9_letters @ 1x1 -----
----- testing input/02_9_letters @ 2x2 -----
----- testing input/02_9_letters @ 3x3 -----
----- testing input/02_9_letters @ 4x4 -----
----- testing input/02_9_letters @ 5x5 -----
----- testing input/02_9_letters @ 6x6 -----
----- testing input/02_9_letters @ 7x7 -----
----- testing input/02_9_letters @ 8x8 -----
----- testing input/02_9_letters @ 9x9 -----
----- testing input/02_9_letters @ 10x10 -----
----- testing input/03_16_letters @ 1x1 -----
----- testing input/03_16_letters @ 2x2 -----
----- testing input/03_16_letters @ 3x3 -----
----- testing input/03_16_letters @ 4x4 -----
----- testing input/03_16_letters @ 5x5 -----
----- testing input/03_16_letters @ 6x6 -----
----- testing input/03_16_letters @ 7x7 -----
----- testing input/03_16_letters @ 8x8 -----
----- testing input/03_16_letters @ 9x9 -----
----- testing input/03_16_letters @ 10x10 -----
----- testing input/04_zero_length @ 1x1 -----
----- testing input/04_zero_length @ 2x2 -----
----- testing input/04_zero_length @ 3x3 -----
----- testing input/04_zero_length @ 4x4 -----
----- testing input/04_zero_length @ 5x5 -----
----- testing input/04_zero_length @ 6x6 -----
----- testing input/04_zero_length @ 7x7 -----
----- testing input/04_zero_length @ 8x8 -----
----- testing input/04_zero_length @ 9x9 -----
----- testing input/04_zero_length @ 10x10 -----
----- testing input/05_X0X0 @ 1x1 -----
----- testing input/05_X0X0 @ 2x2 -----
----- testing input/05_X0X0 @ 3x3 -----
----- testing input/05_X0X0 @ 4x4 -----
----- testing input/05_X0X0 @ 5x5 -----
----- testing input/05_X0X0 @ 6x6 -----
----- testing input/05_X0X0 @ 7x7 -----
----- testing input/05_X0X0 @ 8x8 -----
----- testing input/05_X0X0 @ 9x9 -----
----- testing input/05_X0X0 @ 10x10 -----
----- testing input/06_9-zeroes @ 1x1 -----
----- testing input/06_9-zeroes @ 2x2 -----
----- testing input/06_9-zeroes @ 3x3 -----
----- testing input/06_9-zeroes @ 4x4 -----
----- testing input/06_9-zeroes @ 5x5 -----
----- testing input/06_9-zeroes @ 6x6 -----
----- testing input/06_9-zeroes @ 7x7 -----
----- testing input/06_9-zeroes @ 8x8 -----
----- testing input/06_9-zeroes @ 9x9 -----
----- testing input/06_9-zeroes @ 10x10 -----
----- testing input/07_9-Xs @ 1x1 -----
----- testing input/07_9-Xs @ 2x2 -----
----- testing input/07_9-Xs @ 3x3 -----
----- testing input/07_9-Xs @ 4x4 -----
----- testing input/07_9-Xs @ 5x5 -----
----- testing input/07_9-Xs @ 6x6 -----
----- testing input/07_9-Xs @ 7x7 -----
----- testing input/07_9-Xs @ 8x8 -----
----- testing input/07_9-Xs @ 9x9 -----
----- testing input/07_9-Xs @ 10x10 -----
----- testing input/08_backwards_padding @ 1x1 -----
----- testing input/08_backwards_padding @ 2x2 -----
----- testing input/08_backwards_padding @ 3x3 -----
----- testing input/08_backwards_padding @ 4x4 -----
----- testing input/08_backwards_padding @ 5x5 -----
----- testing input/08_backwards_padding @ 6x6 -----
----- testing input/08_backwards_padding @ 7x7 -----
----- testing input/08_backwards_padding @ 8x8 -----
----- testing input/08_backwards_padding @ 9x9 -----
----- testing input/08_backwards_padding @ 10x10 -----
----- testing input/09_hello.txt @ 1x1 -----
----- testing input/09_hello.txt @ 2x2 -----
----- testing input/09_hello.txt @ 3x3 -----
----- testing input/09_hello.txt @ 4x4 -----
----- testing input/09_hello.txt @ 5x5 -----
----- testing input/09_hello.txt @ 6x6 -----
----- testing input/09_hello.txt @ 7x7 -----
----- testing input/09_hello.txt @ 8x8 -----
----- testing input/09_hello.txt @ 9x9 -----
----- testing input/09_hello.txt @ 10x10 -----
----- testing input/10_gettysburg.txt @ 1x1 -----
----- testing input/10_gettysburg.txt @ 2x2 -----
----- testing input/10_gettysburg.txt @ 3x3 -----
----- testing input/10_gettysburg.txt @ 4x4 -----
----- testing input/10_gettysburg.txt @ 5x5 -----
----- testing input/10_gettysburg.txt @ 6x6 -----
----- testing input/10_gettysburg.txt @ 7x7 -----
----- testing input/10_gettysburg.txt @ 8x8 -----
----- testing input/10_gettysburg.txt @ 9x9 -----
----- testing input/10_gettysburg.txt @ 10x10 -----
----- testing input/11_moby_dick.txt @ 1x1 -----
